c:\users\goku\documents\visual studio 2015\projects\my_work\my_work\debug\vc140.pdb
c:\users\goku\documents\visual studio 2015\projects\my_work\my_work\debug\vc140.idb
c:\users\goku\documents\visual studio 2015\projects\my_work\my_work\debug\filerw.obj
c:\users\goku\documents\visual studio 2015\projects\my_work\my_work\debug\floattricks.obj
c:\users\goku\documents\visual studio 2015\projects\my_work\my_work\debug\func.obj
c:\users\goku\documents\visual studio 2015\projects\my_work\my_work\debug\funcptr.obj
c:\users\goku\documents\visual studio 2015\projects\my_work\my_work\debug\getline.obj
c:\users\goku\documents\visual studio 2015\projects\my_work\my_work\debug\get_put_char.obj
c:\users\goku\documents\visual studio 2015\projects\my_work\my_work\debug\log_mess.obj
c:\users\goku\documents\visual studio 2015\projects\my_work\my_work\debug\macro.obj
c:\users\goku\documents\visual studio 2015\projects\my_work\my_work\debug\malloc_0.obj
c:\users\goku\documents\visual studio 2015\projects\my_work\my_work\debug\preced_assoc.obj
c:\users\goku\documents\visual studio 2015\projects\my_work\my_work\debug\scope.obj
c:\users\goku\documents\visual studio 2015\projects\my_work\my_work\debug\scope1.obj
c:\users\goku\documents\visual studio 2015\projects\my_work\my_work\debug\sizeof.obj
c:\users\goku\documents\visual studio 2015\projects\my_work\my_work\debug\storageclasses.obj
c:\users\goku\documents\visual studio 2015\projects\my_work\my_work\debug\structunion.obj
c:\users\goku\documents\visual studio 2015\projects\my_work\my_work\debug\struct_0.obj
c:\users\goku\documents\visual studio 2015\projects\my_work\my_work\debug\sumint.obj
c:\users\goku\documents\visual studio 2015\projects\my_work\my_work\debug\test.obj
c:\users\goku\documents\visual studio 2015\projects\my_work\my_work\debug\variables.obj
c:\users\goku\documents\visual studio 2015\projects\my_work\my_work\debug\volat.obj
c:\users\goku\documents\visual studio 2015\projects\my_work\my_work\debug\array.obj
c:\users\goku\documents\visual studio 2015\projects\my_work\my_work\debug\array1.obj
c:\users\goku\documents\visual studio 2015\projects\my_work\my_work\debug\array2.obj
c:\users\goku\documents\visual studio 2015\projects\my_work\my_work\debug\arrofstr.obj
c:\users\goku\documents\visual studio 2015\projects\my_work\my_work\debug\badstr.obj
c:\users\goku\documents\visual studio 2015\projects\my_work\my_work\debug\binaryfile.obj
c:\users\goku\documents\visual studio 2015\projects\my_work\my_work\debug\ex_1.obj
c:\users\goku\documents\visual studio 2015\projects\my_work\my_work\debug\bitwise.obj
c:\users\goku\documents\visual studio 2015\projects\my_work\my_work\debug\casts.obj
c:\users\goku\documents\visual studio 2015\projects\my_work\my_work\debug\cel_2_fer.obj
c:\users\goku\documents\visual studio 2015\projects\my_work\my_work\debug\constqualifier.obj
c:\users\goku\documents\visual studio 2015\projects\my_work\my_work\debug\ex_2.obj
c:\users\goku\documents\visual studio 2015\projects\my_work\my_work\debug\fileopen.obj
c:\users\goku\documents\visual studio 2015\projects\my_work\my_work\debug\sockclient.obj
c:\users\goku\documents\visual studio 2015\projects\my_work\my_work\debug\sockserv.obj
c:\users\goku\documents\visual studio 2015\projects\my_work\my_work\debug\stdafx.obj
c:\users\goku\documents\visual studio 2015\projects\my_work\my_work\debug\preid.obj
c:\users\goku\documents\visual studio 2015\projects\my_work\my_work\debug\jacobo_0.obj
c:\users\goku\documents\visual studio 2015\projects\my_work\my_work\debug\heapsort.obj
c:\users\goku\documents\visual studio 2015\projects\my_work\my_work\debug\fileio_tut.obj
c:\users\goku\documents\visual studio 2015\projects\my_work\debug\my_work.ilk
c:\users\goku\documents\visual studio 2015\projects\my_work\debug\my_work.exe
c:\users\goku\documents\visual studio 2015\projects\my_work\debug\my_work.pdb
c:\users\goku\documents\visual studio 2015\projects\my_work\my_work\debug\array2.obj.enc
c:\users\goku\documents\visual studio 2015\projects\my_work\my_work\debug\arrofstr.obj.enc
c:\users\goku\documents\visual studio 2015\projects\my_work\my_work\debug\badstr.obj.enc
c:\users\goku\documents\visual studio 2015\projects\my_work\my_work\debug\ex_2.obj.enc
c:\users\goku\documents\visual studio 2015\projects\my_work\my_work\debug\fileio_tut.obj.enc
c:\users\goku\documents\visual studio 2015\projects\my_work\my_work\debug\jacobo_0.obj.enc
c:\users\goku\documents\visual studio 2015\projects\my_work\my_work\debug\test.obj.enc
c:\users\goku\documents\visual studio 2015\projects\my_work\my_work\debug\my_work.tlog\cl.command.1.tlog
c:\users\goku\documents\visual studio 2015\projects\my_work\my_work\debug\my_work.tlog\cl.read.1.tlog
c:\users\goku\documents\visual studio 2015\projects\my_work\my_work\debug\my_work.tlog\cl.write.1.tlog
c:\users\goku\documents\visual studio 2015\projects\my_work\my_work\debug\my_work.tlog\link.command.1.tlog
c:\users\goku\documents\visual studio 2015\projects\my_work\my_work\debug\my_work.tlog\link.read.1.tlog
c:\users\goku\documents\visual studio 2015\projects\my_work\my_work\debug\my_work.tlog\link.write.1.tlog
